2015-03-16 14:55:17,279 [Worker-0] INFO  o.e.m.c.i.p.ProjectConfigurationManager - Collecting project info '/pom.xml' F:\graduate\CoPlatformDal\pom.xml
2015-03-16 14:55:18,059 [Worker-0] INFO  o.e.m.c.i.l.LifecycleMappingFactory - Using org.eclipse.m2e.jdt.JarLifecycleMapping lifecycle mapping for MavenProject: CoPlatform:CoPlatformDal:1.0.0 @ F:\graduate\CoPlatformDal\pom.xml.
2015-03-16 14:55:18,693 [Worker-0] INFO  o.e.m.j.i.AbstractJavaProjectConfigurator - Adding source folder /CoPlatformDal/src/main/java
2015-03-16 14:55:18,696 [Worker-0] INFO  o.e.m.j.i.AbstractJavaProjectConfigurator - Adding source folder /CoPlatformDal/src/test/java
2015-03-16 14:55:19,015 [Worker-0] INFO  o.e.m.c.i.p.ProjectConfigurationManager - Imported and configured 1 project(s) in 1 sec
2015-03-16 14:55:20,052 [Worker-4] INFO  o.e.m.c.i.l.LifecycleMappingFactory - Using org.eclipse.m2e.jdt.JarLifecycleMapping lifecycle mapping for MavenProject: CoPlatform:CoPlatformDal:1.0.0 @ F:\graduate\CoPlatformDal\pom.xml.
2015-03-16 14:55:20,189 [Worker-3] INFO  o.e.m.c.i.l.LifecycleMappingFactory - Using org.eclipse.m2e.jdt.JarLifecycleMapping lifecycle mapping for MavenProject: CoPlatform:CoPlatformDal:1.0.0 @ F:\graduate\CoPlatformDal\pom.xml.
2015-03-16 14:55:20,338 [Worker-3] INFO  o.e.m.c.i.embedder.EclipseLogger - Using 'UTF-8' encoding to copy filtered resources.
2015-03-16 14:55:20,338 [Worker-3] INFO  o.e.m.c.i.embedder.EclipseLogger - skip non existing resourceDirectory F:\graduate\CoPlatformDal\src\main\resources
2015-03-16 14:55:20,341 [Worker-3] INFO  o.e.m.c.i.embedder.EclipseLogger - Using 'UTF-8' encoding to copy filtered resources.
2015-03-16 14:55:20,341 [Worker-3] INFO  o.e.m.c.i.embedder.EclipseLogger - skip non existing resourceDirectory F:\graduate\CoPlatformDal\src\test\resources
2015-03-16 14:55:21,496 [Worker-11] INFO  o.e.m.c.i.l.LifecycleMappingFactory - Using org.eclipse.m2e.jdt.JarLifecycleMapping lifecycle mapping for MavenProject: CoPlatform:CoPlatformDal:1.0.0 @ F:\graduate\CoPlatformDal\pom.xml.
2015-03-16 14:55:22,519 [Worker-4] INFO  o.e.m.c.i.embedder.EclipseLogger - Using 'UTF-8' encoding to copy filtered resources.
2015-03-16 14:55:22,519 [Worker-4] INFO  o.e.m.c.i.embedder.EclipseLogger - skip non existing resourceDirectory F:\graduate\CoPlatformDal\src\main\resources
2015-03-16 14:55:22,521 [Worker-4] INFO  o.e.m.c.i.embedder.EclipseLogger - Using 'UTF-8' encoding to copy filtered resources.
2015-03-16 14:55:22,522 [Worker-4] INFO  o.e.m.c.i.embedder.EclipseLogger - skip non existing resourceDirectory F:\graduate\CoPlatformDal\src\test\resources
2015-03-16 14:56:24,360 [Worker-10] INFO  o.e.m.c.i.p.ProjectConfigurationManager - Collecting project info '/pom.xml' F:\graduate\CoPlatformBLL\pom.xml
2015-03-16 14:56:24,427 [Worker-10] INFO  o.e.m.c.i.l.LifecycleMappingFactory - Using org.eclipse.m2e.jdt.JarLifecycleMapping lifecycle mapping for MavenProject: CoPlatform:CoPlatformBLL:0.0.1-SNAPSHOT @ F:\graduate\CoPlatformBLL\pom.xml.
2015-03-16 14:56:24,546 [Worker-10] INFO  o.e.m.j.i.AbstractJavaProjectConfigurator - Adding source folder /CoPlatformBLL/src/main/java
2015-03-16 14:56:24,550 [Worker-10] INFO  o.e.m.j.i.AbstractJavaProjectConfigurator - Adding source folder /CoPlatformBLL/src/test/java
2015-03-16 14:56:24,579 [Worker-10] INFO  o.e.m.c.i.p.ProjectConfigurationManager - Imported and configured 1 project(s) in 0 sec
2015-03-16 14:56:24,836 [Worker-11] INFO  o.e.m.c.i.l.LifecycleMappingFactory - Using org.eclipse.m2e.jdt.JarLifecycleMapping lifecycle mapping for MavenProject: CoPlatform:CoPlatformBLL:0.0.1-SNAPSHOT @ F:\graduate\CoPlatformBLL\pom.xml.
2015-03-16 14:56:24,956 [Worker-11] INFO  o.e.m.c.i.embedder.EclipseLogger - Using 'UTF-8' encoding to copy filtered resources.
2015-03-16 14:56:24,956 [Worker-11] INFO  o.e.m.c.i.embedder.EclipseLogger - skip non existing resourceDirectory F:\graduate\CoPlatformBLL\src\main\resources
2015-03-16 14:56:24,959 [Worker-11] INFO  o.e.m.c.i.embedder.EclipseLogger - Using 'UTF-8' encoding to copy filtered resources.
2015-03-16 14:56:24,960 [Worker-11] INFO  o.e.m.c.i.embedder.EclipseLogger - skip non existing resourceDirectory F:\graduate\CoPlatformBLL\src\test\resources
2015-03-16 14:56:25,714 [Worker-3] INFO  o.e.m.c.i.l.LifecycleMappingFactory - Using org.eclipse.m2e.jdt.JarLifecycleMapping lifecycle mapping for MavenProject: CoPlatform:CoPlatformBLL:0.0.1-SNAPSHOT @ F:\graduate\CoPlatformBLL\pom.xml.
2015-03-16 14:56:26,055 [Worker-3] INFO  o.e.m.c.i.embedder.EclipseLogger - Using 'UTF-8' encoding to copy filtered resources.
2015-03-16 14:56:26,055 [Worker-3] INFO  o.e.m.c.i.embedder.EclipseLogger - skip non existing resourceDirectory F:\graduate\CoPlatformBLL\src\main\resources
2015-03-16 14:56:26,057 [Worker-3] INFO  o.e.m.c.i.embedder.EclipseLogger - Using 'UTF-8' encoding to copy filtered resources.
2015-03-16 14:56:26,057 [Worker-3] INFO  o.e.m.c.i.embedder.EclipseLogger - skip non existing resourceDirectory F:\graduate\CoPlatformBLL\src\test\resources
2015-03-16 14:58:30,547 [Worker-3] INFO  o.e.m.c.i.p.ProjectConfigurationManager - Collecting project info '/pom.xml' F:\graduate\CoPlatformDAL\pom.xml
2015-03-16 14:58:30,620 [Worker-3] INFO  o.e.m.c.i.l.LifecycleMappingFactory - Using org.eclipse.m2e.jdt.JarLifecycleMapping lifecycle mapping for MavenProject: CoPlatform:CoPlatformDAL:1.0.0 @ F:\graduate\CoPlatformDAL\pom.xml.
2015-03-16 14:58:30,804 [Worker-3] INFO  o.e.m.j.i.AbstractJavaProjectConfigurator - Adding source folder /CoPlatformDAL/src/main/java
2015-03-16 14:58:30,807 [Worker-3] INFO  o.e.m.j.i.AbstractJavaProjectConfigurator - Adding source folder /CoPlatformDAL/src/test/java
2015-03-16 14:58:30,836 [Worker-3] INFO  o.e.m.c.i.p.ProjectConfigurationManager - Imported and configured 1 project(s) in 0 sec
2015-03-16 14:58:31,139 [Worker-10] INFO  o.e.m.c.i.l.LifecycleMappingFactory - Using org.eclipse.m2e.jdt.JarLifecycleMapping lifecycle mapping for MavenProject: CoPlatform:CoPlatformDAL:1.0.0 @ F:\graduate\CoPlatformDAL\pom.xml.
2015-03-16 14:58:31,270 [Worker-10] INFO  o.e.m.c.i.embedder.EclipseLogger - Using 'UTF-8' encoding to copy filtered resources.
2015-03-16 14:58:31,271 [Worker-10] INFO  o.e.m.c.i.embedder.EclipseLogger - skip non existing resourceDirectory F:\graduate\CoPlatformDAL\src\main\resources
2015-03-16 14:58:31,273 [Worker-10] INFO  o.e.m.c.i.embedder.EclipseLogger - Using 'UTF-8' encoding to copy filtered resources.
2015-03-16 14:58:31,273 [Worker-10] INFO  o.e.m.c.i.embedder.EclipseLogger - skip non existing resourceDirectory F:\graduate\CoPlatformDAL\src\test\resources
2015-03-16 14:58:31,901 [Worker-10] INFO  o.e.m.c.i.l.LifecycleMappingFactory - Using org.eclipse.m2e.jdt.JarLifecycleMapping lifecycle mapping for MavenProject: CoPlatform:CoPlatformDAL:1.0.0 @ F:\graduate\CoPlatformDAL\pom.xml.
2015-03-16 14:58:32,342 [Worker-14] INFO  o.e.m.c.i.embedder.EclipseLogger - Using 'UTF-8' encoding to copy filtered resources.
2015-03-16 14:58:32,342 [Worker-14] INFO  o.e.m.c.i.embedder.EclipseLogger - skip non existing resourceDirectory F:\graduate\CoPlatformDAL\src\main\resources
2015-03-16 14:58:32,345 [Worker-14] INFO  o.e.m.c.i.embedder.EclipseLogger - Using 'UTF-8' encoding to copy filtered resources.
2015-03-16 14:58:32,345 [Worker-14] INFO  o.e.m.c.i.embedder.EclipseLogger - skip non existing resourceDirectory F:\graduate\CoPlatformDAL\src\test\resources
2015-03-16 14:58:54,706 [Worker-3] INFO  o.e.m.c.i.p.ProjectConfigurationManager - Collecting project info '/pom.xml' F:\graduate\CoPlatformBLL\pom.xml
2015-03-16 14:58:54,770 [Worker-3] INFO  o.e.m.c.i.l.LifecycleMappingFactory - Using org.eclipse.m2e.jdt.JarLifecycleMapping lifecycle mapping for MavenProject: CoPlatform:CoPlatformBLL:1.0.0 @ F:\graduate\CoPlatformBLL\pom.xml.
2015-03-16 14:58:54,913 [Worker-3] INFO  o.e.m.j.i.AbstractJavaProjectConfigurator - Adding source folder /CoPlatformBLL/src/main/java
2015-03-16 14:58:54,915 [Worker-3] INFO  o.e.m.j.i.AbstractJavaProjectConfigurator - Adding source folder /CoPlatformBLL/src/test/java
2015-03-16 14:58:54,942 [Worker-3] INFO  o.e.m.c.i.p.ProjectConfigurationManager - Imported and configured 1 project(s) in 0 sec
2015-03-16 14:58:55,184 [Worker-10] INFO  o.e.m.c.i.l.LifecycleMappingFactory - Using org.eclipse.m2e.jdt.JarLifecycleMapping lifecycle mapping for MavenProject: CoPlatform:CoPlatformBLL:1.0.0 @ F:\graduate\CoPlatformBLL\pom.xml.
2015-03-16 14:58:55,301 [Worker-10] INFO  o.e.m.c.i.embedder.EclipseLogger - Using 'UTF-8' encoding to copy filtered resources.
2015-03-16 14:58:55,302 [Worker-10] INFO  o.e.m.c.i.embedder.EclipseLogger - skip non existing resourceDirectory F:\graduate\CoPlatformBLL\src\main\resources
2015-03-16 14:58:55,304 [Worker-10] INFO  o.e.m.c.i.embedder.EclipseLogger - Using 'UTF-8' encoding to copy filtered resources.
2015-03-16 14:58:55,304 [Worker-10] INFO  o.e.m.c.i.embedder.EclipseLogger - skip non existing resourceDirectory F:\graduate\CoPlatformBLL\src\test\resources
2015-03-16 14:58:56,080 [Worker-15] INFO  o.e.m.c.i.l.LifecycleMappingFactory - Using org.eclipse.m2e.jdt.JarLifecycleMapping lifecycle mapping for MavenProject: CoPlatform:CoPlatformBLL:1.0.0 @ F:\graduate\CoPlatformBLL\pom.xml.
2015-03-16 14:58:56,386 [Worker-15] INFO  o.e.m.c.i.embedder.EclipseLogger - Using 'UTF-8' encoding to copy filtered resources.
2015-03-16 14:58:56,386 [Worker-15] INFO  o.e.m.c.i.embedder.EclipseLogger - skip non existing resourceDirectory F:\graduate\CoPlatformBLL\src\main\resources
2015-03-16 14:58:56,390 [Worker-15] INFO  o.e.m.c.i.embedder.EclipseLogger - Using 'UTF-8' encoding to copy filtered resources.
2015-03-16 14:58:56,390 [Worker-15] INFO  o.e.m.c.i.embedder.EclipseLogger - skip non existing resourceDirectory F:\graduate\CoPlatformBLL\src\test\resources
2015-03-16 14:59:34,667 [Worker-13] INFO  o.e.m.c.i.p.ProjectConfigurationManager - Collecting project info '/pom.xml' F:\graduate\CoPlatform\pom.xml
2015-03-16 14:59:34,731 [Worker-13] INFO  o.e.m.c.i.l.LifecycleMappingFactory - Using org.eclipse.m2e.jdt.JarLifecycleMapping lifecycle mapping for MavenProject: CoPlatform:CoPlatform:1.0.0 @ F:\graduate\CoPlatform\pom.xml.
2015-03-16 14:59:34,970 [Worker-13] INFO  o.e.m.j.i.AbstractJavaProjectConfigurator - Adding source folder /CoPlatform/src/main/java
2015-03-16 14:59:34,973 [Worker-13] INFO  o.e.m.j.i.AbstractJavaProjectConfigurator - Adding source folder /CoPlatform/src/test/java
2015-03-16 14:59:35,005 [Worker-13] INFO  o.e.m.c.i.p.ProjectConfigurationManager - Imported and configured 1 project(s) in 0 sec
2015-03-16 14:59:35,243 [Worker-13] INFO  o.e.m.c.i.l.LifecycleMappingFactory - Using org.eclipse.m2e.jdt.JarLifecycleMapping lifecycle mapping for MavenProject: CoPlatform:CoPlatform:1.0.0 @ F:\graduate\CoPlatform\pom.xml.
2015-03-16 14:59:35,431 [Worker-13] INFO  o.e.m.c.i.embedder.EclipseLogger - Using 'UTF-8' encoding to copy filtered resources.
2015-03-16 14:59:35,432 [Worker-13] INFO  o.e.m.c.i.embedder.EclipseLogger - skip non existing resourceDirectory F:\graduate\CoPlatform\src\main\resources
2015-03-16 14:59:35,436 [Worker-13] INFO  o.e.m.c.i.embedder.EclipseLogger - Using 'UTF-8' encoding to copy filtered resources.
2015-03-16 14:59:35,436 [Worker-13] INFO  o.e.m.c.i.embedder.EclipseLogger - skip non existing resourceDirectory F:\graduate\CoPlatform\src\test\resources
2015-03-16 14:59:36,073 [Worker-15] INFO  o.e.m.c.i.l.LifecycleMappingFactory - Using org.eclipse.m2e.jdt.JarLifecycleMapping lifecycle mapping for MavenProject: CoPlatform:CoPlatform:1.0.0 @ F:\graduate\CoPlatform\pom.xml.
2015-03-16 14:59:36,531 [Worker-10] INFO  o.e.m.c.i.embedder.EclipseLogger - Using 'UTF-8' encoding to copy filtered resources.
2015-03-16 14:59:36,531 [Worker-10] INFO  o.e.m.c.i.embedder.EclipseLogger - skip non existing resourceDirectory F:\graduate\CoPlatform\src\main\resources
2015-03-16 14:59:36,532 [Worker-10] INFO  o.e.m.c.i.embedder.EclipseLogger - Using 'UTF-8' encoding to copy filtered resources.
2015-03-16 14:59:36,533 [Worker-10] INFO  o.e.m.c.i.embedder.EclipseLogger - skip non existing resourceDirectory F:\graduate\CoPlatform\src\test\resources
2015-03-16 15:01:08,341 [Worker-13] INFO  o.e.m.c.i.p.ProjectConfigurationManager - Collecting project info '/pom.xml' F:\graduate\CoPlatformCommon\pom.xml
2015-03-16 15:01:08,405 [Worker-13] INFO  o.e.m.c.i.l.LifecycleMappingFactory - Using org.eclipse.m2e.jdt.JarLifecycleMapping lifecycle mapping for MavenProject: CoPlatform:CoPlatformCommon:1.0.0 @ F:\graduate\CoPlatformCommon\pom.xml.
2015-03-16 15:01:08,525 [Worker-13] INFO  o.e.m.j.i.AbstractJavaProjectConfigurator - Adding source folder /CoPlatformCommon/src/main/java
2015-03-16 15:01:08,528 [Worker-13] INFO  o.e.m.j.i.AbstractJavaProjectConfigurator - Adding source folder /CoPlatformCommon/src/test/java
2015-03-16 15:01:08,556 [Worker-13] INFO  o.e.m.c.i.p.ProjectConfigurationManager - Imported and configured 1 project(s) in 0 sec
2015-03-16 15:01:08,766 [Worker-17] INFO  o.e.m.c.i.l.LifecycleMappingFactory - Using org.eclipse.m2e.jdt.JarLifecycleMapping lifecycle mapping for MavenProject: CoPlatform:CoPlatformCommon:1.0.0 @ F:\graduate\CoPlatformCommon\pom.xml.
2015-03-16 15:01:08,879 [Worker-17] INFO  o.e.m.c.i.embedder.EclipseLogger - Using 'UTF-8' encoding to copy filtered resources.
2015-03-16 15:01:08,879 [Worker-17] INFO  o.e.m.c.i.embedder.EclipseLogger - skip non existing resourceDirectory F:\graduate\CoPlatformCommon\src\main\resources
2015-03-16 15:01:08,880 [Worker-17] INFO  o.e.m.c.i.embedder.EclipseLogger - Using 'UTF-8' encoding to copy filtered resources.
2015-03-16 15:01:08,880 [Worker-17] INFO  o.e.m.c.i.embedder.EclipseLogger - skip non existing resourceDirectory F:\graduate\CoPlatformCommon\src\test\resources
2015-03-16 15:01:09,643 [Worker-13] INFO  o.e.m.c.i.l.LifecycleMappingFactory - Using org.eclipse.m2e.jdt.JarLifecycleMapping lifecycle mapping for MavenProject: CoPlatform:CoPlatformCommon:1.0.0 @ F:\graduate\CoPlatformCommon\pom.xml.
2015-03-16 15:01:09,974 [Worker-16] INFO  o.e.m.c.i.embedder.EclipseLogger - Using 'UTF-8' encoding to copy filtered resources.
2015-03-16 15:01:09,975 [Worker-16] INFO  o.e.m.c.i.embedder.EclipseLogger - skip non existing resourceDirectory F:\graduate\CoPlatformCommon\src\main\resources
2015-03-16 15:01:09,976 [Worker-16] INFO  o.e.m.c.i.embedder.EclipseLogger - Using 'UTF-8' encoding to copy filtered resources.
2015-03-16 15:01:09,976 [Worker-16] INFO  o.e.m.c.i.embedder.EclipseLogger - skip non existing resourceDirectory F:\graduate\CoPlatformCommon\src\test\resources
2015-03-16 15:48:06,303 [Worker-43] INFO  o.e.m.c.i.l.LifecycleMappingFactory - Using org.eclipse.m2e.jdt.JarLifecycleMapping lifecycle mapping for MavenProject: CoPlatform:CoPlatformDAL:1.0.0 @ F:\graduate\CoPlatformDAL\pom.xml.
2015-03-16 15:48:07,218 [Worker-43] INFO  o.e.m.c.i.e.AbstractTransferListenerAdapter - Downloaded http://repo.maven.apache.org/maven2/mybatis/mybatis/3.1.1/mybatis-3.1.1.pom
2015-03-16 15:48:07,222 [Worker-43] WARN  o.e.m.c.i.embedder.EclipseLogger - The POM for mybatis:mybatis:jar:3.1.1 is missing, no dependency information available
2015-03-16 15:48:07,662 [Worker-43] INFO  o.e.m.c.i.e.AbstractTransferListenerAdapter - Downloaded http://repo.maven.apache.org/maven2/mybatis/mybatis/3.1.1/mybatis-3.1.1.jar
2015-03-16 15:48:07,730 [Worker-43] INFO  o.e.m.c.i.embedder.EclipseLogger - Using 'UTF-8' encoding to copy filtered resources.
2015-03-16 15:48:07,731 [Worker-43] INFO  o.e.m.c.i.embedder.EclipseLogger - skip non existing resourceDirectory F:\graduate\CoPlatformDAL\src\main\resources
2015-03-16 15:48:07,732 [Worker-43] INFO  o.e.m.c.i.embedder.EclipseLogger - Using 'UTF-8' encoding to copy filtered resources.
2015-03-16 15:48:07,732 [Worker-43] INFO  o.e.m.c.i.embedder.EclipseLogger - skip non existing resourceDirectory F:\graduate\CoPlatformDAL\src\test\resources
2015-03-16 15:49:13,423 [Worker-41] INFO  o.e.m.c.i.l.LifecycleMappingFactory - Using org.eclipse.m2e.jdt.JarLifecycleMapping lifecycle mapping for MavenProject: CoPlatform:CoPlatformDAL:1.0.0 @ F:\graduate\CoPlatformDAL\pom.xml.
2015-03-16 15:49:13,725 [Worker-43] INFO  o.e.m.c.i.e.AbstractTransferListenerAdapter - Downloading http://repo.maven.apache.org/maven2/org/mybatis/mybatis/3.2.8/mybatis-3.2.8.pom
2015-03-16 15:49:14,183 [Worker-43] INFO  o.e.m.c.i.e.AbstractTransferListenerAdapter - Downloaded http://repo.maven.apache.org/maven2/org/mybatis/mybatis/3.2.8/mybatis-3.2.8.pom
2015-03-16 15:49:14,409 [Worker-43] INFO  o.e.m.c.i.e.AbstractTransferListenerAdapter - Downloading http://repo.maven.apache.org/maven2/org/mybatis/mybatis-parent/21/mybatis-parent-21.pom
2015-03-16 15:49:15,106 [Worker-43] INFO  o.e.m.c.i.e.AbstractTransferListenerAdapter - Downloaded http://repo.maven.apache.org/maven2/org/mybatis/mybatis-parent/21/mybatis-parent-21.pom
2015-03-16 15:49:15,342 [Worker-43] INFO  o.e.m.c.i.e.AbstractTransferListenerAdapter - Downloading http://repo.maven.apache.org/maven2/org/mybatis/mybatis/3.2.8/mybatis-3.2.8.jar
2015-03-16 15:49:17,678 [Worker-43] INFO  o.e.m.c.i.e.AbstractTransferListenerAdapter - Downloaded http://repo.maven.apache.org/maven2/org/mybatis/mybatis/3.2.8/mybatis-3.2.8.jar
2015-03-16 15:49:17,897 [Worker-41] INFO  o.e.m.c.i.embedder.EclipseLogger - Using 'UTF-8' encoding to copy filtered resources.
2015-03-16 15:49:17,897 [Worker-41] INFO  o.e.m.c.i.embedder.EclipseLogger - skip non existing resourceDirectory F:\graduate\CoPlatformDAL\src\main\resources
2015-03-16 15:49:17,898 [Worker-41] INFO  o.e.m.c.i.embedder.EclipseLogger - Using 'UTF-8' encoding to copy filtered resources.
2015-03-16 15:49:17,898 [Worker-41] INFO  o.e.m.c.i.embedder.EclipseLogger - skip non existing resourceDirectory F:\graduate\CoPlatformDAL\src\test\resources
2015-03-16 15:49:19,130 [Worker-39] INFO  o.e.m.c.i.embedder.EclipseLogger - Using 'UTF-8' encoding to copy filtered resources.
2015-03-16 15:49:19,131 [Worker-39] INFO  o.e.m.c.i.embedder.EclipseLogger - skip non existing resourceDirectory F:\graduate\CoPlatformDAL\src\main\resources
2015-03-16 15:49:19,132 [Worker-39] INFO  o.e.m.c.i.embedder.EclipseLogger - Using 'UTF-8' encoding to copy filtered resources.
2015-03-16 15:49:19,132 [Worker-39] INFO  o.e.m.c.i.embedder.EclipseLogger - skip non existing resourceDirectory F:\graduate\CoPlatformDAL\src\test\resources
2015-03-16 15:53:04,512 [Worker-43] INFO  o.e.m.c.i.embedder.EclipseLogger - Using 'UTF-8' encoding to copy filtered resources.
2015-03-16 15:53:04,512 [Worker-43] INFO  o.e.m.c.i.embedder.EclipseLogger - skip non existing resourceDirectory F:\graduate\CoPlatformDAL\src\main\resources
2015-03-16 15:53:04,514 [Worker-43] INFO  o.e.m.c.i.embedder.EclipseLogger - Using 'UTF-8' encoding to copy filtered resources.
2015-03-16 15:53:04,514 [Worker-43] INFO  o.e.m.c.i.embedder.EclipseLogger - skip non existing resourceDirectory F:\graduate\CoPlatformDAL\src\test\resources
2015-03-16 15:53:12,322 [Worker-43] INFO  o.e.m.c.i.embedder.EclipseLogger - Using 'UTF-8' encoding to copy filtered resources.
2015-03-16 15:53:12,322 [Worker-43] INFO  o.e.m.c.i.embedder.EclipseLogger - skip non existing resourceDirectory F:\graduate\CoPlatformDAL\src\main\resources
2015-03-16 15:53:12,325 [Worker-43] INFO  o.e.m.c.i.embedder.EclipseLogger - Using 'UTF-8' encoding to copy filtered resources.
2015-03-16 15:53:12,326 [Worker-43] INFO  o.e.m.c.i.embedder.EclipseLogger - skip non existing resourceDirectory F:\graduate\CoPlatformDAL\src\test\resources
2015-03-16 15:53:36,877 [Worker-52] INFO  o.e.m.c.i.embedder.EclipseLogger - Using 'UTF-8' encoding to copy filtered resources.
2015-03-16 15:53:36,877 [Worker-52] INFO  o.e.m.c.i.embedder.EclipseLogger - skip non existing resourceDirectory F:\graduate\CoPlatformDAL\src\main\resources
2015-03-16 15:53:36,878 [Worker-52] INFO  o.e.m.c.i.embedder.EclipseLogger - Using 'UTF-8' encoding to copy filtered resources.
2015-03-16 15:53:36,878 [Worker-52] INFO  o.e.m.c.i.embedder.EclipseLogger - skip non existing resourceDirectory F:\graduate\CoPlatformDAL\src\test\resources
2015-03-16 15:53:57,756 [Worker-50] INFO  o.e.m.c.i.embedder.EclipseLogger - Using 'UTF-8' encoding to copy filtered resources.
2015-03-16 15:53:57,757 [Worker-50] INFO  o.e.m.c.i.embedder.EclipseLogger - skip non existing resourceDirectory F:\graduate\CoPlatformBLL\src\main\resources
2015-03-16 15:53:57,757 [Worker-50] INFO  o.e.m.c.i.embedder.EclipseLogger - Using 'UTF-8' encoding to copy filtered resources.
2015-03-16 15:53:57,757 [Worker-50] INFO  o.e.m.c.i.embedder.EclipseLogger - skip non existing resourceDirectory F:\graduate\CoPlatformBLL\src\test\resources
2015-03-16 15:54:02,825 [Worker-39] INFO  o.e.m.c.i.embedder.EclipseLogger - Using 'UTF-8' encoding to copy filtered resources.
2015-03-16 15:54:02,825 [Worker-39] INFO  o.e.m.c.i.embedder.EclipseLogger - skip non existing resourceDirectory F:\graduate\CoPlatform\src\main\resources
2015-03-16 15:54:02,829 [Worker-39] INFO  o.e.m.c.i.embedder.EclipseLogger - Using 'UTF-8' encoding to copy filtered resources.
2015-03-16 15:54:02,830 [Worker-39] INFO  o.e.m.c.i.embedder.EclipseLogger - skip non existing resourceDirectory F:\graduate\CoPlatform\src\test\resources
2015-03-16 15:54:40,559 [Worker-51] INFO  o.e.m.c.i.embedder.EclipseLogger - Using 'UTF-8' encoding to copy filtered resources.
2015-03-16 15:54:40,560 [Worker-51] INFO  o.e.m.c.i.embedder.EclipseLogger - skip non existing resourceDirectory F:\graduate\CoPlatformDAL\src\main\resources
2015-03-16 15:54:40,561 [Worker-51] INFO  o.e.m.c.i.embedder.EclipseLogger - Using 'UTF-8' encoding to copy filtered resources.
2015-03-16 15:54:40,561 [Worker-51] INFO  o.e.m.c.i.embedder.EclipseLogger - skip non existing resourceDirectory F:\graduate\CoPlatformDAL\src\test\resources
2015-03-16 15:55:56,212 [Worker-51] INFO  o.e.m.c.i.embedder.EclipseLogger - Using 'UTF-8' encoding to copy filtered resources.
2015-03-16 15:55:56,212 [Worker-51] INFO  o.e.m.c.i.embedder.EclipseLogger - skip non existing resourceDirectory F:\graduate\CoPlatformDAL\src\main\resources
2015-03-16 15:55:56,214 [Worker-51] INFO  o.e.m.c.i.embedder.EclipseLogger - Using 'UTF-8' encoding to copy filtered resources.
2015-03-16 15:55:56,214 [Worker-51] INFO  o.e.m.c.i.embedder.EclipseLogger - skip non existing resourceDirectory F:\graduate\CoPlatformDAL\src\test\resources
2015-03-16 15:56:18,369 [Worker-54] INFO  o.e.m.c.i.embedder.EclipseLogger - Using 'UTF-8' encoding to copy filtered resources.
2015-03-16 15:56:18,370 [Worker-54] INFO  o.e.m.c.i.embedder.EclipseLogger - skip non existing resourceDirectory F:\graduate\CoPlatformDAL\src\main\resources
2015-03-16 15:56:18,372 [Worker-54] INFO  o.e.m.c.i.embedder.EclipseLogger - Using 'UTF-8' encoding to copy filtered resources.
2015-03-16 15:56:18,373 [Worker-54] INFO  o.e.m.c.i.embedder.EclipseLogger - skip non existing resourceDirectory F:\graduate\CoPlatformDAL\src\test\resources
2015-03-16 15:59:01,061 [Worker-51] INFO  o.e.m.c.i.embedder.EclipseLogger - Using 'UTF-8' encoding to copy filtered resources.
2015-03-16 15:59:01,062 [Worker-51] INFO  o.e.m.c.i.embedder.EclipseLogger - skip non existing resourceDirectory F:\graduate\CoPlatformBLL\src\main\resources
2015-03-16 15:59:01,062 [Worker-51] INFO  o.e.m.c.i.embedder.EclipseLogger - Using 'UTF-8' encoding to copy filtered resources.
2015-03-16 15:59:01,063 [Worker-51] INFO  o.e.m.c.i.embedder.EclipseLogger - skip non existing resourceDirectory F:\graduate\CoPlatformBLL\src\test\resources
2015-03-16 15:59:11,203 [Worker-43] INFO  o.e.m.c.i.embedder.EclipseLogger - Using 'UTF-8' encoding to copy filtered resources.
2015-03-16 15:59:11,204 [Worker-43] INFO  o.e.m.c.i.embedder.EclipseLogger - skip non existing resourceDirectory F:\graduate\CoPlatformBLL\src\main\resources
2015-03-16 15:59:11,206 [Worker-43] INFO  o.e.m.c.i.embedder.EclipseLogger - Using 'UTF-8' encoding to copy filtered resources.
2015-03-16 15:59:11,206 [Worker-43] INFO  o.e.m.c.i.embedder.EclipseLogger - skip non existing resourceDirectory F:\graduate\CoPlatformBLL\src\test\resources
2015-03-16 15:59:23,048 [Worker-51] INFO  o.e.m.c.i.embedder.EclipseLogger - Using 'UTF-8' encoding to copy filtered resources.
2015-03-16 15:59:23,048 [Worker-51] INFO  o.e.m.c.i.embedder.EclipseLogger - skip non existing resourceDirectory F:\graduate\CoPlatformBLL\src\main\resources
2015-03-16 15:59:23,049 [Worker-51] INFO  o.e.m.c.i.embedder.EclipseLogger - Using 'UTF-8' encoding to copy filtered resources.
2015-03-16 15:59:23,049 [Worker-51] INFO  o.e.m.c.i.embedder.EclipseLogger - skip non existing resourceDirectory F:\graduate\CoPlatformBLL\src\test\resources
2015-03-16 16:00:29,298 [Worker-55] INFO  o.e.m.c.i.embedder.EclipseLogger - Using 'UTF-8' encoding to copy filtered resources.
2015-03-16 16:00:29,298 [Worker-55] INFO  o.e.m.c.i.embedder.EclipseLogger - skip non existing resourceDirectory F:\graduate\CoPlatformBLL\src\main\resources
2015-03-16 16:00:29,299 [Worker-55] INFO  o.e.m.c.i.embedder.EclipseLogger - Using 'UTF-8' encoding to copy filtered resources.
2015-03-16 16:00:29,299 [Worker-55] INFO  o.e.m.c.i.embedder.EclipseLogger - skip non existing resourceDirectory F:\graduate\CoPlatformBLL\src\test\resources
2015-03-16 16:00:33,762 [Worker-39] INFO  o.e.m.c.i.embedder.EclipseLogger - Using 'UTF-8' encoding to copy filtered resources.
2015-03-16 16:00:33,762 [Worker-39] INFO  o.e.m.c.i.embedder.EclipseLogger - skip non existing resourceDirectory F:\graduate\CoPlatformBLL\src\main\resources
2015-03-16 16:00:33,764 [Worker-39] INFO  o.e.m.c.i.embedder.EclipseLogger - Using 'UTF-8' encoding to copy filtered resources.
2015-03-16 16:00:33,764 [Worker-39] INFO  o.e.m.c.i.embedder.EclipseLogger - skip non existing resourceDirectory F:\graduate\CoPlatformBLL\src\test\resources
2015-03-16 16:00:35,531 [Worker-55] INFO  o.e.m.c.i.embedder.EclipseLogger - Using 'UTF-8' encoding to copy filtered resources.
2015-03-16 16:00:35,531 [Worker-55] INFO  o.e.m.c.i.embedder.EclipseLogger - skip non existing resourceDirectory F:\graduate\CoPlatformBLL\src\main\resources
2015-03-16 16:00:35,532 [Worker-55] INFO  o.e.m.c.i.embedder.EclipseLogger - Using 'UTF-8' encoding to copy filtered resources.
2015-03-16 16:00:35,532 [Worker-55] INFO  o.e.m.c.i.embedder.EclipseLogger - skip non existing resourceDirectory F:\graduate\CoPlatformBLL\src\test\resources
2015-03-16 16:00:39,827 [Worker-39] INFO  o.e.m.c.i.embedder.EclipseLogger - Using 'UTF-8' encoding to copy filtered resources.
2015-03-16 16:00:39,827 [Worker-39] INFO  o.e.m.c.i.embedder.EclipseLogger - skip non existing resourceDirectory F:\graduate\CoPlatformBLL\src\main\resources
2015-03-16 16:00:39,830 [Worker-39] INFO  o.e.m.c.i.embedder.EclipseLogger - Using 'UTF-8' encoding to copy filtered resources.
2015-03-16 16:00:39,830 [Worker-39] INFO  o.e.m.c.i.embedder.EclipseLogger - skip non existing resourceDirectory F:\graduate\CoPlatformBLL\src\test\resources
